Der Buildvorgang wurde am 05.11.2012 11:21:41 gestartet.
Projekt "C:\Temp\Development\Studienprojekt 2\Working Directory\TaylorPLib\TaylorPLib\TaylorPLib.vcxproj" auf Knoten "2", build Ziel(e).
InitializeBuildStatus:
  Aktualisieren des Timestamps von "Debug\TaylorPLib.unsuccessfulbuild".
ClCompile:
  c:\Program Files (x86)\Microsoft Visual Studio 10.0\VC\bin\CL.exe /c /ZI /nologo /W3 /WX- /Od /Oy- /D _WINDLL /D _MBCS /Gm /EHsc /RTC1 /MDd /GS /fp:precise /Zc:wchar_t /Zc:forScope /Fo"Debug\\" /Fd"Debug\vc100.pdb" /Gd /TP /analyze- /errorReport:prompt Matrix.cpp
  Matrix.cpp
Link:
  c:\Program Files (x86)\Microsoft Visual Studio 10.0\VC\bin\link.exe /ERRORREPORT:PROMPT /OUT:"C:\Temp\Development\Studienprojekt 2\Working Directory\TaylorPLib\Debug\TaylorPLib.dll" /NOLOGO kernel32.lib user32.lib gdi32.lib winspool.lib comdlg32.lib advapi32.lib shell32.lib ole32.lib oleaut32.lib uuid.lib odbc32.lib odbccp32.lib /MANIFEST /ManifestFile:"Debug\TaylorPLib.dll.intermediate.manifest" /MANIFESTUAC:"level='asInvoker' uiAccess='false'" /DEBUG /PDB:"C:\Temp\Development\Studienprojekt 2\Working Directory\TaylorPLib\Debug\TaylorPLib.pdb" /TLBID:1 /DYNAMICBASE /NXCOMPAT /IMPLIB:"C:\Temp\Development\Studienprojekt 2\Working Directory\TaylorPLib\Debug\TaylorPLib.lib" /MACHINE:X86 /DLL Debug\Matrix.obj
  LINK : C:\Temp\Development\Studienprojekt 2\Working Directory\TaylorPLib\Debug\TaylorPLib.dll wurde nicht gefunden oder beim letzten inkrementellen Linkvorgang nicht erstellt; vollständiger Link wird durchgeführt.
     Bibliothek "C:\Temp\Development\Studienprojekt 2\Working Directory\TaylorPLib\Debug\TaylorPLib.lib" und Objekt "C:\Temp\Development\Studienprojekt 2\Working Directory\TaylorPLib\Debug\TaylorPLib.exp" werden erstellt.
  TaylorPLib.vcxproj -> C:\Temp\Development\Studienprojekt 2\Working Directory\TaylorPLib\Debug\TaylorPLib.dll
Manifest:
  C:\Program Files (x86)\Microsoft SDKs\Windows\v7.0A\bin\mt.exe /nologo /verbose /outputresource:"C:\Temp\Development\Studienprojekt 2\Working Directory\TaylorPLib\Debug\TaylorPLib.dll;#2" /manifest Debug\TaylorPLib.dll.intermediate.manifest
FinalizeBuildStatus:
  Die Datei "Debug\TaylorPLib.unsuccessfulbuild" wird gelöscht.
  Aktualisieren des Timestamps von "Debug\TaylorPLib.lastbuildstate".
Die Erstellung des Projekts "C:\Temp\Development\Studienprojekt 2\Working Directory\TaylorPLib\TaylorPLib\TaylorPLib.vcxproj" ist abgeschlossen, build Ziel(e).

Das Erstellen war erfolgreich.

Verstrichene Zeit 00:00:02.10
